Loading db file '/cad/process/ADFP/Executable_Package/Collaterals/IP/stdcell/N16ADFP_StdCell/NLDM/N16ADFP_StdCellss0p72vm40c.db'
Loading db file '/cad/process/ADFP/Executable_Package/Collaterals/IP/sram/N16ADFP_SRAM/NLDM/N16ADFP_SRAM_ss0p72v0p72vm40c_100a.db'
Information: Propagating switching activity (low effort zero delay simulation). (PWR-6)
Warning: Design has unannotated primary inputs. (PWR-414)
Warning: Design has unannotated sequential cell outputs. (PWR-415)
Warning: Design has unannotated black box outputs. (PWR-428)
 
****************************************
Report : power
        -analysis_effort low
Design : SOLE
Version: W-2024.09-SP2
Date   : Sat Apr 18 21:34:39 2026
****************************************


Library(s) Used:

    N16ADFP_StdCellss0p72vm40c (File: /cad/process/ADFP/Executable_Package/Collaterals/IP/stdcell/N16ADFP_StdCell/NLDM/N16ADFP_StdCellss0p72vm40c.db)
    N16ADFP_SRAM_ss0p72v0p72vm40c (File: /cad/process/ADFP/Executable_Package/Collaterals/IP/sram/N16ADFP_SRAM/NLDM/N16ADFP_SRAM_ss0p72v0p72vm40c_100a.db)


Operating Conditions: ss0p72vm40c   Library: N16ADFP_StdCellss0p72vm40c
Wire Load Model Mode: segmented

Design        Wire Load Model            Library
------------------------------------------------
SOLE                   ZeroWireload      N16ADFP_StdCellss0p72vm40c
Softmax                ZeroWireload      N16ADFP_StdCellss0p72vm40c
PROCESS_1_Module       ZeroWireload      N16ADFP_StdCellss0p72vm40c
PROCESS_2_Module       ZeroWireload      N16ADFP_StdCellss0p72vm40c
PROCESS_3_Module       ZeroWireload      N16ADFP_StdCellss0p72vm40c
Max_FIFO               ZeroWireload      N16ADFP_StdCellss0p72vm40c
Output_FIFO            ZeroWireload      N16ADFP_StdCellss0p72vm40c
MaxUnit                ZeroWireload      N16ADFP_StdCellss0p72vm40c
Reduction_Module       ZeroWireload      N16ADFP_StdCellss0p72vm40c
Log2Exp_5              ZeroWireload      N16ADFP_StdCellss0p72vm40c
Log2Exp_4              ZeroWireload      N16ADFP_StdCellss0p72vm40c
Divider_PreCompute_Module
                       ZeroWireload      N16ADFP_StdCellss0p72vm40c
Divider_Module_3       ZeroWireload      N16ADFP_StdCellss0p72vm40c
SRAM_ADDR_BITS10_DATA_BITS16_1
                       ZeroWireload      N16ADFP_StdCellss0p72vm40c
Log2Exp_0              ZeroWireload      N16ADFP_StdCellss0p72vm40c
Log2Exp_1              ZeroWireload      N16ADFP_StdCellss0p72vm40c
Log2Exp_2              ZeroWireload      N16ADFP_StdCellss0p72vm40c
Log2Exp_3              ZeroWireload      N16ADFP_StdCellss0p72vm40c
Divider_Module_0       ZeroWireload      N16ADFP_StdCellss0p72vm40c
Divider_Module_1       ZeroWireload      N16ADFP_StdCellss0p72vm40c
Divider_Module_2       ZeroWireload      N16ADFP_StdCellss0p72vm40c
SRAM_ADDR_BITS10_DATA_BITS16_0
                       ZeroWireload      N16ADFP_StdCellss0p72vm40c
Softmax_DW01_inc_0     ZeroWireload      N16ADFP_StdCellss0p72vm40c
Softmax_DW01_inc_1     ZeroWireload      N16ADFP_StdCellss0p72vm40c
Softmax_DW01_inc_2     ZeroWireload      N16ADFP_StdCellss0p72vm40c
Softmax_DW01_add_0_DW01_add_2
                       ZeroWireload      N16ADFP_StdCellss0p72vm40c
Softmax_DW01_inc_3     ZeroWireload      N16ADFP_StdCellss0p72vm40c
Softmax_DW01_inc_4     ZeroWireload      N16ADFP_StdCellss0p72vm40c
Softmax_DW01_add_1_DW01_add_3
                       ZeroWireload      N16ADFP_StdCellss0p72vm40c
Softmax_DW_cmp_0       ZeroWireload      N16ADFP_StdCellss0p72vm40c
Softmax_DW01_inc_5     ZeroWireload      N16ADFP_StdCellss0p72vm40c
Softmax_DW_cmp_3       ZeroWireload      N16ADFP_StdCellss0p72vm40c
Softmax_DW_cmp_4       ZeroWireload      N16ADFP_StdCellss0p72vm40c
Softmax_DW_cmp_5       ZeroWireload      N16ADFP_StdCellss0p72vm40c
Softmax_DW01_cmp6_0    ZeroWireload      N16ADFP_StdCellss0p72vm40c
Softmax_DW01_cmp2_0    ZeroWireload      N16ADFP_StdCellss0p72vm40c
Softmax_DW01_cmp2_1    ZeroWireload      N16ADFP_StdCellss0p72vm40c
Softmax_DW01_cmp2_2    ZeroWireload      N16ADFP_StdCellss0p72vm40c
Output_FIFO_DW01_dec_0 ZeroWireload      N16ADFP_StdCellss0p72vm40c
Output_FIFO_DW01_inc_0_DW01_inc_6
                       ZeroWireload      N16ADFP_StdCellss0p72vm40c
Output_FIFO_DW01_inc_1_DW01_inc_7
                       ZeroWireload      N16ADFP_StdCellss0p72vm40c
Output_FIFO_DW01_inc_2_DW01_inc_8
                       ZeroWireload      N16ADFP_StdCellss0p72vm40c
Max_FIFO_DW01_dec_0_DW01_dec_1
                       ZeroWireload      N16ADFP_StdCellss0p72vm40c
Max_FIFO_DW01_inc_0_DW01_inc_9
                       ZeroWireload      N16ADFP_StdCellss0p72vm40c
Max_FIFO_DW01_inc_1_DW01_inc_10
                       ZeroWireload      N16ADFP_StdCellss0p72vm40c
Max_FIFO_DW01_inc_2_DW01_inc_11
                       ZeroWireload      N16ADFP_StdCellss0p72vm40c
PROCESS_3_Module_DW_fp_add_0
                       ZeroWireload      N16ADFP_StdCellss0p72vm40c
PROCESS_1_Module_DW_fp_add_0_DW_fp_add_1
                       ZeroWireload      N16ADFP_StdCellss0p72vm40c
PROCESS_1_Module_DW_fp_add_1_DW_fp_add_2
                       ZeroWireload      N16ADFP_StdCellss0p72vm40c
PROCESS_1_Module_DW_fp_add_2_DW_fp_add_3
                       ZeroWireload      N16ADFP_StdCellss0p72vm40c
PROCESS_1_Module_DW_fp_add_3_DW_fp_add_4
                       ZeroWireload      N16ADFP_StdCellss0p72vm40c
PROCESS_1_Module_DW_fp_add_4_DW_fp_add_5
                       ZeroWireload      N16ADFP_StdCellss0p72vm40c
PROCESS_1_Module_DW01_add_5_DW01_add_14
                       ZeroWireload      N16ADFP_StdCellss0p72vm40c
Reduction_Module_DW01_add_0_DW01_add_25
                       ZeroWireload      N16ADFP_StdCellss0p72vm40c
Reduction_Module_DW01_add_1_DW01_add_26
                       ZeroWireload      N16ADFP_StdCellss0p72vm40c
Reduction_Module_DW01_add_2_DW01_add_27
                       ZeroWireload      N16ADFP_StdCellss0p72vm40c
PROCESS_3_Module_DW_fp_addsub_J5_0
                       ZeroWireload      N16ADFP_StdCellss0p72vm40c
PROCESS_3_Module_DW_cmp_J5_0
                       ZeroWireload      N16ADFP_StdCellss0p72vm40c
PROCESS_3_Module_DW01_add_J5_0
                       ZeroWireload      N16ADFP_StdCellss0p72vm40c
PROCESS_3_Module_DW_norm_J5_0
                       ZeroWireload      N16ADFP_StdCellss0p72vm40c
PROCESS_3_Module_DW01_add_J5_1
                       ZeroWireload      N16ADFP_StdCellss0p72vm40c
PROCESS_3_Module_DW_lzd_J5_0
                       ZeroWireload      N16ADFP_StdCellss0p72vm40c
PROCESS_3_Module_DW01_inc_J5_0
                       ZeroWireload      N16ADFP_StdCellss0p72vm40c
PROCESS_3_Module_sub_278_DP_OP_367J5_8568_J5_0
                       ZeroWireload      N16ADFP_StdCellss0p72vm40c
PROCESS_3_Module_add_403_DP_OP_366J5_2836_J5_0
                       ZeroWireload      N16ADFP_StdCellss0p72vm40c
PROCESS_1_Module_DW_fp_addsub_J6_0
                       ZeroWireload      N16ADFP_StdCellss0p72vm40c
PROCESS_1_Module_DW_cmp_J6_0
                       ZeroWireload      N16ADFP_StdCellss0p72vm40c
PROCESS_1_Module_DW01_add_J6_0
                       ZeroWireload      N16ADFP_StdCellss0p72vm40c
PROCESS_1_Module_DW_norm_J6_0
                       ZeroWireload      N16ADFP_StdCellss0p72vm40c
PROCESS_1_Module_DW01_add_J6_1
                       ZeroWireload      N16ADFP_StdCellss0p72vm40c
PROCESS_1_Module_DW_lzd_J6_0
                       ZeroWireload      N16ADFP_StdCellss0p72vm40c
PROCESS_1_Module_DW01_inc_J6_0
                       ZeroWireload      N16ADFP_StdCellss0p72vm40c
PROCESS_1_Module_sub_278_DP_OP_367J6_8568_J6_0
                       ZeroWireload      N16ADFP_StdCellss0p72vm40c
PROCESS_1_Module_add_403_DP_OP_366J6_2836_J6_0
                       ZeroWireload      N16ADFP_StdCellss0p72vm40c
PROCESS_1_Module_DW_fp_addsub_J7_0
                       ZeroWireload      N16ADFP_StdCellss0p72vm40c
PROCESS_1_Module_DW_cmp_J7_0
                       ZeroWireload      N16ADFP_StdCellss0p72vm40c
PROCESS_1_Module_DW01_add_J7_0
                       ZeroWireload      N16ADFP_StdCellss0p72vm40c
PROCESS_1_Module_DW_norm_J7_0
                       ZeroWireload      N16ADFP_StdCellss0p72vm40c
PROCESS_1_Module_DW01_add_J7_1
                       ZeroWireload      N16ADFP_StdCellss0p72vm40c
PROCESS_1_Module_DW_lzd_J7_0
                       ZeroWireload      N16ADFP_StdCellss0p72vm40c
PROCESS_1_Module_DW01_inc_J7_0
                       ZeroWireload      N16ADFP_StdCellss0p72vm40c
PROCESS_1_Module_sub_278_DP_OP_367J7_8568_J7_0
                       ZeroWireload      N16ADFP_StdCellss0p72vm40c
PROCESS_1_Module_add_403_DP_OP_366J7_2836_J7_0
                       ZeroWireload      N16ADFP_StdCellss0p72vm40c
PROCESS_1_Module_DW_fp_addsub_J8_0
                       ZeroWireload      N16ADFP_StdCellss0p72vm40c
PROCESS_1_Module_DW_cmp_J8_0
                       ZeroWireload      N16ADFP_StdCellss0p72vm40c
PROCESS_1_Module_DW01_add_J8_0
                       ZeroWireload      N16ADFP_StdCellss0p72vm40c
PROCESS_1_Module_DW_norm_J8_0
                       ZeroWireload      N16ADFP_StdCellss0p72vm40c
PROCESS_1_Module_DW01_add_J8_1
                       ZeroWireload      N16ADFP_StdCellss0p72vm40c
PROCESS_1_Module_DW_lzd_J8_0
                       ZeroWireload      N16ADFP_StdCellss0p72vm40c
PROCESS_1_Module_DW01_inc_J8_0
                       ZeroWireload      N16ADFP_StdCellss0p72vm40c
PROCESS_1_Module_sub_278_DP_OP_367J8_8568_J8_0
                       ZeroWireload      N16ADFP_StdCellss0p72vm40c
PROCESS_1_Module_add_403_DP_OP_366J8_2836_J8_0
                       ZeroWireload      N16ADFP_StdCellss0p72vm40c
PROCESS_1_Module_DW_fp_addsub_J9_0
                       ZeroWireload      N16ADFP_StdCellss0p72vm40c
PROCESS_1_Module_DW_cmp_J9_0
                       ZeroWireload      N16ADFP_StdCellss0p72vm40c
PROCESS_1_Module_DW01_add_J9_0
                       ZeroWireload      N16ADFP_StdCellss0p72vm40c
PROCESS_1_Module_DW_norm_J9_0
                       ZeroWireload      N16ADFP_StdCellss0p72vm40c
PROCESS_1_Module_DW01_add_J9_1
                       ZeroWireload      N16ADFP_StdCellss0p72vm40c
PROCESS_1_Module_DW_lzd_J9_0
                       ZeroWireload      N16ADFP_StdCellss0p72vm40c
PROCESS_1_Module_DW01_inc_J9_0
                       ZeroWireload      N16ADFP_StdCellss0p72vm40c
PROCESS_1_Module_sub_278_DP_OP_367J9_8568_J9_0
                       ZeroWireload      N16ADFP_StdCellss0p72vm40c
PROCESS_1_Module_add_403_DP_OP_366J9_2836_J9_0
                       ZeroWireload      N16ADFP_StdCellss0p72vm40c
PROCESS_1_Module_DW_fp_addsub_J10_0
                       ZeroWireload      N16ADFP_StdCellss0p72vm40c
PROCESS_1_Module_DW_cmp_J10_0
                       ZeroWireload      N16ADFP_StdCellss0p72vm40c
PROCESS_1_Module_DW01_add_J10_0
                       ZeroWireload      N16ADFP_StdCellss0p72vm40c
PROCESS_1_Module_DW_norm_J10_0
                       ZeroWireload      N16ADFP_StdCellss0p72vm40c
PROCESS_1_Module_DW01_add_J10_1
                       ZeroWireload      N16ADFP_StdCellss0p72vm40c
PROCESS_1_Module_DW_lzd_J10_0
                       ZeroWireload      N16ADFP_StdCellss0p72vm40c
PROCESS_1_Module_DW01_inc_J10_0
                       ZeroWireload      N16ADFP_StdCellss0p72vm40c
PROCESS_1_Module_sub_278_DP_OP_367J10_8568_J10_0
                       ZeroWireload      N16ADFP_StdCellss0p72vm40c
PROCESS_1_Module_add_403_DP_OP_366J10_2836_J10_0
                       ZeroWireload      N16ADFP_StdCellss0p72vm40c


Global Operating Voltage = 0.72 
Power-specific unit information :
    Voltage Units = 1V
    Capacitance Units = 1.000000pf
    Time Units = 1ns
    Dynamic Power Units = 1mW    (derived from V,C,T units)
    Leakage Power Units = 1nW


Attributes
----------
i - Including register clock pin internal power


  Cell Internal Power  =  86.8418 mW   (98%)
  Net Switching Power  =   1.5101 mW    (2%)
                         ---------
Total Dynamic Power    =  88.3519 mW  (100%)

Cell Leakage Power     =  58.4412 uW


                 Internal         Switching           Leakage            Total
Power Group      Power            Power               Power              Power   (   %    )  Attrs
--------------------------------------------------------------------------------------------------
io_pad             0.0000            0.0000            0.0000            0.0000  (   0.00%)
memory             0.3403            0.0000        1.8513e+03            0.3421  (   0.39%)
black_box          0.0000            0.0000            0.0000            0.0000  (   0.00%)
clock_network     84.7616            0.0000            0.0000           84.7616  (  95.88%)  i
register       8.6670e-03        2.1901e-03        2.2906e+04        3.3762e-02  (   0.04%)
sequential     8.9974e-04            0.0000            7.5860        9.0733e-04  (   0.00%)
combinational      1.7202            1.5080        3.3677e+04            3.2620  (   3.69%)
--------------------------------------------------------------------------------------------------
Total             86.8317 mW         1.5102 mW     5.8441e+04 nW        88.4004 mW
1
