 
****************************************
Report : area
Design : SOLE
Version: W-2024.09-SP2
Date   : Sun Apr 19 23:33:32 2026
****************************************

Library(s) Used:

    N16ADFP_StdCellss0p72vm40c (File: /cad/process/ADFP/Executable_Package/Collaterals/IP/stdcell/N16ADFP_StdCell/NLDM/N16ADFP_StdCellss0p72vm40c.db)
    N16ADFP_SRAM_ss0p72v0p72vm40c (File: /cad/process/ADFP/Executable_Package/Collaterals/IP/sram/N16ADFP_SRAM/NLDM/N16ADFP_SRAM_ss0p72v0p72vm40c_100a.db)

Number of ports:                         5925
Number of nets:                        137749
Number of cells:                       132486
Number of combinational cells:          96452
Number of sequential cells:             35922
Number of macros/black boxes:               4
Number of buf/inv:                       7858
Number of references:                      28

Combinational area:              35723.981694
Buf/Inv area:                     1532.545937
Noncombinational area:           40979.417812
Macro/Black Box area:            14814.291016
Net Interconnect area:      undefined  (Wire load has zero net area)

Total cell area:                 91517.690522
Total area:                 undefined
1
