 
****************************************
Report : area
Design : SOLE
Version: W-2024.09-SP2
Date   : Mon Apr 20 15:23:50 2026
****************************************

Library(s) Used:

    N16ADFP_StdCellss0p72vm40c (File: /cad/process/ADFP/Executable_Package/Collaterals/IP/stdcell/N16ADFP_StdCell/NLDM/N16ADFP_StdCellss0p72vm40c.db)
    N16ADFP_SRAM_ss0p72v0p72vm40c (File: /cad/process/ADFP/Executable_Package/Collaterals/IP/sram/N16ADFP_SRAM/NLDM/N16ADFP_SRAM_ss0p72v0p72vm40c_100a.db)

Number of ports:                         5925
Number of nets:                        138606
Number of cells:                       133343
Number of combinational cells:          97309
Number of sequential cells:             35922
Number of macros/black boxes:               4
Number of buf/inv:                       8715
Number of references:                      30

Combinational area:              35946.582652
Buf/Inv area:                     1714.296976
Noncombinational area:           40979.314132
Macro/Black Box area:            14814.291016
Net Interconnect area:      undefined  (Wire load has zero net area)

Total cell area:                 91740.187800
Total area:                 undefined
1
